Arguments: 
  C:\Program Files\nodejs\node.exe C:\Users\thuan\AppData\Roaming\npm\node_modules\yarn\bin\yarn.js init

PATH: 
  C:\Program Files (x86)\Microsoft SDKs\Azure\CLI2\wbin;C:\Program Files\Java\jdk-12\bin;C:\Program Files (x86)\Common Files\Oracle\Java\javapath;C:\Program Files (x86)\Intel\Intel(R) Management Engine Components\iCLS\;C:\Program Files\Intel\Intel(R) Management Engine Components\iCLS\;C:\Windows\system32;C:\Windows;C:\Windows\System32\Wbem;C:\Windows\System32\WindowsPowerShell\v1.0\;C:\Windows\System32\OpenSSH\;C:\Program Files (x86)\Intel\Intel(R) Management Engine Components\DAL;C:\Program Files\Intel\Intel(R) Management Engine Components\DAL;C:\Program Files (x86)\NVIDIA Corporation\PhysX\Common;C:\Program Files\Git\cmd;C:\Program Files\nodejs\;C:\Program Files\PuTTY\;C:\WINDOWS\system32;C:\WINDOWS;C:\WINDOWS\System32\Wbem;C:\WINDOWS\System32\WindowsPowerShell\v1.0\;C:\WINDOWS\System32\OpenSSH\;C:\Program Files\dotnet\;C:\Program Files\Docker\Docker\resources\bin;C:\Users\thuan\AppData\Local\Programs\Python\Python38\Scripts\;C:\Users\thuan\AppData\Local\Programs\Python\Python38\;C:\Users\thuan\AppData\Local\Microsoft\WindowsApps;C:\Users\thuan\AppData\Local\GitHubDesktop\bin;C:\Users\thuan\AppData\Roaming\npm;C:\Users\thuan\AppData\Local\Microsoft\WindowsApps;C:\apache-maven-3.8.1-bin\apache-maven-3.8.1\bin;C:\Users\thuan\AppData\Local\JetBrains\IntelliJ IDEA Community Edition 2023.3.3\bin;;C:\Users\thuan\AppData\Local\Programs\MiKTeX\miktex\bin\x64\;C:\Users\thuan\AppData\Local\Programs\Microsoft VS Code\bin;C:\Users\thuan\Desktop\Poly_Fall2024\DevSecOps\TP1\sonar-scanner-cli-6.1.0.4477-windows-x64\sonar-scanner-6.1.0.4477-windows-x64\bin;

Yarn version: 
  1.22.10

Node version: 
  12.14.0

Platform: 
  win32 x64

Trace: 
  Error: canceled
      at Interface.<anonymous> (C:\Users\thuan\AppData\Roaming\npm\node_modules\yarn\lib\cli.js:136216:13)
      at Interface.emit (events.js:210:5)
      at Interface._ttyWrite (readline.js:887:16)
      at ReadStream.onkeypress (readline.js:191:10)
      at ReadStream.emit (events.js:210:5)
      at emitKeys (internal/readline/utils.js:433:14)
      at emitKeys.next (<anonymous>)
      at ReadStream.onData (readline.js:1153:36)
      at ReadStream.emit (events.js:210:5)
      at addChunk (_stream_readable.js:309:12)

npm manifest: 
  No manifest

yarn manifest: 
  No manifest

Lockfile: 
  No lockfile
